<?xml version="1.0" encoding="UTF-8"?>
<testng-results ignored="0" total="1" passed="1" failed="0" skipped="0">
  <reporter-output>
  </reporter-output>
  <suite started-at="2024-07-13T23:19:37Z" name="Default suite" finished-at="2024-07-13T23:20:01Z" duration-ms="24551">
    <groups>
    </groups>
    <test started-at="2024-07-13T23:19:37Z" name="Default test" finished-at="2024-07-13T23:20:01Z" duration-ms="24551">
      <class name="tests.LFV_RecipesToAvoid">
        <test-method is-config="true" signature="setUpDriver()[pri:0, instance:tests.LFV_RecipesToAvoid@65b3f4a4]" started-at="2024-07-13T23:19:37Z" name="setUpDriver" finished-at="2024-07-13T23:19:43Z" duration-ms="6619" status="PASS">
          <reporter-output>
          </reporter-output>
        </test-method> <!-- setUpDriver -->
        <test-method signature="extractOptionalRecipes()[pri:0, instance:tests.LFV_RecipesToAvoid@65b3f4a4]" started-at="2024-07-13T23:19:43Z" name="extractOptionalRecipes" finished-at="2024-07-13T23:20:01Z" duration-ms="17906" status="PASS">
          <reporter-output>
          </reporter-output>
        </test-method> <!-- extractOptionalRecipes -->
      </class> <!-- tests.LFV_RecipesToAvoid -->
    </test> <!-- Default test -->
  </suite> <!-- Default suite -->
</testng-results>
